<?xml version="1.0" encoding="UTF-8"?>
<testsuite xmlns:xsi="http://www.w3.org/2001/XMLSchema-instance" xsi:noNamespaceSchemaLocation="https://maven.apache.org/surefire/maven-surefire-plugin/xsd/surefire-test-report.xsd" name="tn.isimg.pfe.PfeApplicationTests" time="9.064" tests="1" errors="0" skipped="0" failures="0">
  <properties>
    <property name="sun.desktop" value="windows"/>
    <property name="awt.toolkit" value="sun.awt.windows.WToolkit"/>
    <property name="file.encoding.pkg" value="sun.io"/>
    <property name="java.specification.version" value="1.8"/>
    <property name="sun.cpu.isalist" value="amd64"/>
    <property name="sun.jnu.encoding" value="Cp1252"/>
    <property name="java.class.path" value="C:\WORK\PROJETS\TEST\WORKSPACE\pfe\target\test-classes;C:\WORK\PROJETS\TEST\WORKSPACE\pfe\target\classes;C:\WORK\REPOSITORY_MAVEN\org\springframework\boot\spring-boot-starter-data-jpa\2.4.3\spring-boot-starter-data-jpa-2.4.3.jar;C:\WORK\REPOSITORY_MAVEN\org\springframework\boot\spring-boot-starter-aop\2.4.3\spring-boot-starter-aop-2.4.3.jar;C:\WORK\REPOSITORY_MAVEN\org\springframework\spring-aop\5.3.4\spring-aop-5.3.4.jar;C:\WORK\REPOSITORY_MAVEN\org\aspectj\aspectjweaver\1.9.6\aspectjweaver-1.9.6.jar;C:\WORK\REPOSITORY_MAVEN\org\springframework\boot\spring-boot-starter-jdbc\2.4.3\spring-boot-starter-jdbc-2.4.3.jar;C:\WORK\REPOSITORY_MAVEN\com\zaxxer\HikariCP\3.4.5\HikariCP-3.4.5.jar;C:\WORK\REPOSITORY_MAVEN\org\springframework\spring-jdbc\5.3.4\spring-jdbc-5.3.4.jar;C:\WORK\REPOSITORY_MAVEN\jakarta\transaction\jakarta.transaction-api\1.3.3\jakarta.transaction-api-1.3.3.jar;C:\WORK\REPOSITORY_MAVEN\jakarta\persistence\jakarta.persistence-api\2.2.3\jakarta.persistence-api-2.2.3.jar;C:\WORK\REPOSITORY_MAVEN\org\hibernate\hibernate-core\5.4.28.Final\hibernate-core-5.4.28.Final.jar;C:\WORK\REPOSITORY_MAVEN\org\jboss\logging\jboss-logging\3.4.1.Final\jboss-logging-3.4.1.Final.jar;C:\WORK\REPOSITORY_MAVEN\org\javassist\javassist\3.27.0-GA\javassist-3.27.0-GA.jar;C:\WORK\REPOSITORY_MAVEN\net\bytebuddy\byte-buddy\1.10.20\byte-buddy-1.10.20.jar;C:\WORK\REPOSITORY_MAVEN\antlr\antlr\2.7.7\antlr-2.7.7.jar;C:\WORK\REPOSITORY_MAVEN\org\jboss\jandex\2.2.3.Final\jandex-2.2.3.Final.jar;C:\WORK\REPOSITORY_MAVEN\com\fasterxml\classmate\1.5.1\classmate-1.5.1.jar;C:\WORK\REPOSITORY_MAVEN\org\dom4j\dom4j\2.1.3\dom4j-2.1.3.jar;C:\WORK\REPOSITORY_MAVEN\org\hibernate\common\hibernate-commons-annotations\5.1.2.Final\hibernate-commons-annotations-5.1.2.Final.jar;C:\WORK\REPOSITORY_MAVEN\org\glassfish\jaxb\jaxb-runtime\2.3.3\jaxb-runtime-2.3.3.jar;C:\WORK\REPOSITORY_MAVEN\org\glassfish\jaxb\txw2\2.3.3\txw2-2.3.3.jar;C:\WORK\REPOSITORY_MAVEN\com\sun\istack\istack-commons-runtime\3.0.11\istack-commons-runtime-3.0.11.jar;C:\WORK\REPOSITORY_MAVEN\com\sun\activation\jakarta.activation\1.2.2\jakarta.activation-1.2.2.jar;C:\WORK\REPOSITORY_MAVEN\org\springframework\data\spring-data-jpa\2.4.5\spring-data-jpa-2.4.5.jar;C:\WORK\REPOSITORY_MAVEN\org\springframework\data\spring-data-commons\2.4.5\spring-data-commons-2.4.5.jar;C:\WORK\REPOSITORY_MAVEN\org\springframework\spring-orm\5.3.4\spring-orm-5.3.4.jar;C:\WORK\REPOSITORY_MAVEN\org\springframework\spring-context\5.3.4\spring-context-5.3.4.jar;C:\WORK\REPOSITORY_MAVEN\org\springframework\spring-tx\5.3.4\spring-tx-5.3.4.jar;C:\WORK\REPOSITORY_MAVEN\org\springframework\spring-beans\5.3.4\spring-beans-5.3.4.jar;C:\WORK\REPOSITORY_MAVEN\org\slf4j\slf4j-api\1.7.30\slf4j-api-1.7.30.jar;C:\WORK\REPOSITORY_MAVEN\org\springframework\spring-aspects\5.3.4\spring-aspects-5.3.4.jar;C:\WORK\REPOSITORY_MAVEN\org\springframework\boot\spring-boot-starter-web\2.4.3\spring-boot-starter-web-2.4.3.jar;C:\WORK\REPOSITORY_MAVEN\org\springframework\boot\spring-boot-starter\2.4.3\spring-boot-starter-2.4.3.jar;C:\WORK\REPOSITORY_MAVEN\org\springframework\boot\spring-boot\2.4.3\spring-boot-2.4.3.jar;C:\WORK\REPOSITORY_MAVEN\org\springframework\boot\spring-boot-autoconfigure\2.4.3\spring-boot-autoconfigure-2.4.3.jar;C:\WORK\REPOSITORY_MAVEN\org\springframework\boot\spring-boot-starter-logging\2.4.3\spring-boot-starter-logging-2.4.3.jar;C:\WORK\REPOSITORY_MAVEN\ch\qos\logback\logback-classic\1.2.3\logback-classic-1.2.3.jar;C:\WORK\REPOSITORY_MAVEN\ch\qos\logback\logback-core\1.2.3\logback-core-1.2.3.jar;C:\WORK\REPOSITORY_MAVEN\org\apache\logging\log4j\log4j-to-slf4j\2.13.3\log4j-to-slf4j-2.13.3.jar;C:\WORK\REPOSITORY_MAVEN\org\apache\logging\log4j\log4j-api\2.13.3\log4j-api-2.13.3.jar;C:\WORK\REPOSITORY_MAVEN\org\slf4j\jul-to-slf4j\1.7.30\jul-to-slf4j-1.7.30.jar;C:\WORK\REPOSITORY_MAVEN\jakarta\annotation\jakarta.annotation-api\1.3.5\jakarta.annotation-api-1.3.5.jar;C:\WORK\REPOSITORY_MAVEN\org\yaml\snakeyaml\1.27\snakeyaml-1.27.jar;C:\WORK\REPOSITORY_MAVEN\org\springframework\boot\spring-boot-starter-json\2.4.3\spring-boot-starter-json-2.4.3.jar;C:\WORK\REPOSITORY_MAVEN\com\fasterxml\jackson\core\jackson-databind\2.11.4\jackson-databind-2.11.4.jar;C:\WORK\REPOSITORY_MAVEN\com\fasterxml\jackson\core\jackson-annotations\2.11.4\jackson-annotations-2.11.4.jar;C:\WORK\REPOSITORY_MAVEN\com\fasterxml\jackson\core\jackson-core\2.11.4\jackson-core-2.11.4.jar;C:\WORK\REPOSITORY_MAVEN\com\fasterxml\jackson\datatype\jackson-datatype-jdk8\2.11.4\jackson-datatype-jdk8-2.11.4.jar;C:\WORK\REPOSITORY_MAVEN\com\fasterxml\jackson\datatype\jackson-datatype-jsr310\2.11.4\jackson-datatype-jsr310-2.11.4.jar;C:\WORK\REPOSITORY_MAVEN\com\fasterxml\jackson\module\jackson-module-parameter-names\2.11.4\jackson-module-parameter-names-2.11.4.jar;C:\WORK\REPOSITORY_MAVEN\org\springframework\boot\spring-boot-starter-tomcat\2.4.3\spring-boot-starter-tomcat-2.4.3.jar;C:\WORK\REPOSITORY_MAVEN\org\apache\tomcat\embed\tomcat-embed-core\9.0.43\tomcat-embed-core-9.0.43.jar;C:\WORK\REPOSITORY_MAVEN\org\glassfish\jakarta.el\3.0.3\jakarta.el-3.0.3.jar;C:\WORK\REPOSITORY_MAVEN\org\apache\tomcat\embed\tomcat-embed-websocket\9.0.43\tomcat-embed-websocket-9.0.43.jar;C:\WORK\REPOSITORY_MAVEN\org\springframework\spring-web\5.3.4\spring-web-5.3.4.jar;C:\WORK\REPOSITORY_MAVEN\org\springframework\spring-webmvc\5.3.4\spring-webmvc-5.3.4.jar;C:\WORK\REPOSITORY_MAVEN\org\springframework\spring-expression\5.3.4\spring-expression-5.3.4.jar;C:\WORK\REPOSITORY_MAVEN\com\h2database\h2\1.4.200\h2-1.4.200.jar;C:\WORK\REPOSITORY_MAVEN\org\springframework\boot\spring-boot-starter-test\2.4.3\spring-boot-starter-test-2.4.3.jar;C:\WORK\REPOSITORY_MAVEN\org\springframework\boot\spring-boot-test\2.4.3\spring-boot-test-2.4.3.jar;C:\WORK\REPOSITORY_MAVEN\org\springframework\boot\spring-boot-test-autoconfigure\2.4.3\spring-boot-test-autoconfigure-2.4.3.jar;C:\WORK\REPOSITORY_MAVEN\com\jayway\jsonpath\json-path\2.4.0\json-path-2.4.0.jar;C:\WORK\REPOSITORY_MAVEN\net\minidev\json-smart\2.3\json-smart-2.3.jar;C:\WORK\REPOSITORY_MAVEN\net\minidev\accessors-smart\1.2\accessors-smart-1.2.jar;C:\WORK\REPOSITORY_MAVEN\org\ow2\asm\asm\5.0.4\asm-5.0.4.jar;C:\WORK\REPOSITORY_MAVEN\jakarta\xml\bind\jakarta.xml.bind-api\2.3.3\jakarta.xml.bind-api-2.3.3.jar;C:\WORK\REPOSITORY_MAVEN\jakarta\activation\jakarta.activation-api\1.2.2\jakarta.activation-api-1.2.2.jar;C:\WORK\REPOSITORY_MAVEN\org\assertj\assertj-core\3.18.1\assertj-core-3.18.1.jar;C:\WORK\REPOSITORY_MAVEN\org\hamcrest\hamcrest\2.2\hamcrest-2.2.jar;C:\WORK\REPOSITORY_MAVEN\org\junit\jupiter\junit-jupiter\5.7.1\junit-jupiter-5.7.1.jar;C:\WORK\REPOSITORY_MAVEN\org\junit\jupiter\junit-jupiter-api\5.7.1\junit-jupiter-api-5.7.1.jar;C:\WORK\REPOSITORY_MAVEN\org\apiguardian\apiguardian-api\1.1.0\apiguardian-api-1.1.0.jar;C:\WORK\REPOSITORY_MAVEN\org\opentest4j\opentest4j\1.2.0\opentest4j-1.2.0.jar;C:\WORK\REPOSITORY_MAVEN\org\junit\platform\junit-platform-commons\1.7.1\junit-platform-commons-1.7.1.jar;C:\WORK\REPOSITORY_MAVEN\org\junit\jupiter\junit-jupiter-params\5.7.1\junit-jupiter-params-5.7.1.jar;C:\WORK\REPOSITORY_MAVEN\org\junit\jupiter\junit-jupiter-engine\5.7.1\junit-jupiter-engine-5.7.1.jar;C:\WORK\REPOSITORY_MAVEN\org\junit\platform\junit-platform-engine\1.7.1\junit-platform-engine-1.7.1.jar;C:\WORK\REPOSITORY_MAVEN\org\mockito\mockito-core\3.6.28\mockito-core-3.6.28.jar;C:\WORK\REPOSITORY_MAVEN\net\bytebuddy\byte-buddy-agent\1.10.20\byte-buddy-agent-1.10.20.jar;C:\WORK\REPOSITORY_MAVEN\org\objenesis\objenesis\3.1\objenesis-3.1.jar;C:\WORK\REPOSITORY_MAVEN\org\mockito\mockito-junit-jupiter\3.6.28\mockito-junit-jupiter-3.6.28.jar;C:\WORK\REPOSITORY_MAVEN\org\skyscreamer\jsonassert\1.5.0\jsonassert-1.5.0.jar;C:\WORK\REPOSITORY_MAVEN\com\vaadin\external\google\android-json\0.0.20131108.vaadin1\android-json-0.0.20131108.vaadin1.jar;C:\WORK\REPOSITORY_MAVEN\org\springframework\spring-core\5.3.4\spring-core-5.3.4.jar;C:\WORK\REPOSITORY_MAVEN\org\springframework\spring-jcl\5.3.4\spring-jcl-5.3.4.jar;C:\WORK\REPOSITORY_MAVEN\org\springframework\spring-test\5.3.4\spring-test-5.3.4.jar;C:\WORK\REPOSITORY_MAVEN\org\xmlunit\xmlunit-core\2.7.0\xmlunit-core-2.7.0.jar;C:\WORK\REPOSITORY_MAVEN\javax\validation\validation-api\2.0.1.Final\validation-api-2.0.1.Final.jar;"/>
    <property name="java.vm.vendor" value="Oracle Corporation"/>
    <property name="sun.arch.data.model" value="64"/>
    <property name="user.variant" value=""/>
    <property name="java.vendor.url" value="http://java.oracle.com/"/>
    <property name="user.timezone" value="Europe/Paris"/>
    <property name="java.vm.specification.version" value="1.8"/>
    <property name="os.name" value="Windows 10"/>
    <property name="user.country" value="FR"/>
    <property name="sun.java.launcher" value="SUN_STANDARD"/>
    <property name="sun.boot.library.path" value="C:\WORK\JAVA\jre\bin"/>
    <property name="sun.java.command" value="C:\Users\AYMEN~1.MEZ\AppData\Local\Temp\surefire1902538138304084690\surefirebooter4270027533471816213.jar C:\Users\Aymen.Mezrani\AppData\Local\Temp\surefire1902538138304084690 2021-04-04T16-57-45_004-jvmRun1 surefire5166124099046081674tmp surefire_05705267716352096338tmp"/>
    <property name="surefire.test.class.path" value="C:\WORK\PROJETS\TEST\WORKSPACE\pfe\target\test-classes;C:\WORK\PROJETS\TEST\WORKSPACE\pfe\target\classes;C:\WORK\REPOSITORY_MAVEN\org\springframework\boot\spring-boot-starter-data-jpa\2.4.3\spring-boot-starter-data-jpa-2.4.3.jar;C:\WORK\REPOSITORY_MAVEN\org\springframework\boot\spring-boot-starter-aop\2.4.3\spring-boot-starter-aop-2.4.3.jar;C:\WORK\REPOSITORY_MAVEN\org\springframework\spring-aop\5.3.4\spring-aop-5.3.4.jar;C:\WORK\REPOSITORY_MAVEN\org\aspectj\aspectjweaver\1.9.6\aspectjweaver-1.9.6.jar;C:\WORK\REPOSITORY_MAVEN\org\springframework\boot\spring-boot-starter-jdbc\2.4.3\spring-boot-starter-jdbc-2.4.3.jar;C:\WORK\REPOSITORY_MAVEN\com\zaxxer\HikariCP\3.4.5\HikariCP-3.4.5.jar;C:\WORK\REPOSITORY_MAVEN\org\springframework\spring-jdbc\5.3.4\spring-jdbc-5.3.4.jar;C:\WORK\REPOSITORY_MAVEN\jakarta\transaction\jakarta.transaction-api\1.3.3\jakarta.transaction-api-1.3.3.jar;C:\WORK\REPOSITORY_MAVEN\jakarta\persistence\jakarta.persistence-api\2.2.3\jakarta.persistence-api-2.2.3.jar;C:\WORK\REPOSITORY_MAVEN\org\hibernate\hibernate-core\5.4.28.Final\hibernate-core-5.4.28.Final.jar;C:\WORK\REPOSITORY_MAVEN\org\jboss\logging\jboss-logging\3.4.1.Final\jboss-logging-3.4.1.Final.jar;C:\WORK\REPOSITORY_MAVEN\org\javassist\javassist\3.27.0-GA\javassist-3.27.0-GA.jar;C:\WORK\REPOSITORY_MAVEN\net\bytebuddy\byte-buddy\1.10.20\byte-buddy-1.10.20.jar;C:\WORK\REPOSITORY_MAVEN\antlr\antlr\2.7.7\antlr-2.7.7.jar;C:\WORK\REPOSITORY_MAVEN\org\jboss\jandex\2.2.3.Final\jandex-2.2.3.Final.jar;C:\WORK\REPOSITORY_MAVEN\com\fasterxml\classmate\1.5.1\classmate-1.5.1.jar;C:\WORK\REPOSITORY_MAVEN\org\dom4j\dom4j\2.1.3\dom4j-2.1.3.jar;C:\WORK\REPOSITORY_MAVEN\org\hibernate\common\hibernate-commons-annotations\5.1.2.Final\hibernate-commons-annotations-5.1.2.Final.jar;C:\WORK\REPOSITORY_MAVEN\org\glassfish\jaxb\jaxb-runtime\2.3.3\jaxb-runtime-2.3.3.jar;C:\WORK\REPOSITORY_MAVEN\org\glassfish\jaxb\txw2\2.3.3\txw2-2.3.3.jar;C:\WORK\REPOSITORY_MAVEN\com\sun\istack\istack-commons-runtime\3.0.11\istack-commons-runtime-3.0.11.jar;C:\WORK\REPOSITORY_MAVEN\com\sun\activation\jakarta.activation\1.2.2\jakarta.activation-1.2.2.jar;C:\WORK\REPOSITORY_MAVEN\org\springframework\data\spring-data-jpa\2.4.5\spring-data-jpa-2.4.5.jar;C:\WORK\REPOSITORY_MAVEN\org\springframework\data\spring-data-commons\2.4.5\spring-data-commons-2.4.5.jar;C:\WORK\REPOSITORY_MAVEN\org\springframework\spring-orm\5.3.4\spring-orm-5.3.4.jar;C:\WORK\REPOSITORY_MAVEN\org\springframework\spring-context\5.3.4\spring-context-5.3.4.jar;C:\WORK\REPOSITORY_MAVEN\org\springframework\spring-tx\5.3.4\spring-tx-5.3.4.jar;C:\WORK\REPOSITORY_MAVEN\org\springframework\spring-beans\5.3.4\spring-beans-5.3.4.jar;C:\WORK\REPOSITORY_MAVEN\org\slf4j\slf4j-api\1.7.30\slf4j-api-1.7.30.jar;C:\WORK\REPOSITORY_MAVEN\org\springframework\spring-aspects\5.3.4\spring-aspects-5.3.4.jar;C:\WORK\REPOSITORY_MAVEN\org\springframework\boot\spring-boot-starter-web\2.4.3\spring-boot-starter-web-2.4.3.jar;C:\WORK\REPOSITORY_MAVEN\org\springframework\boot\spring-boot-starter\2.4.3\spring-boot-starter-2.4.3.jar;C:\WORK\REPOSITORY_MAVEN\org\springframework\boot\spring-boot\2.4.3\spring-boot-2.4.3.jar;C:\WORK\REPOSITORY_MAVEN\org\springframework\boot\spring-boot-autoconfigure\2.4.3\spring-boot-autoconfigure-2.4.3.jar;C:\WORK\REPOSITORY_MAVEN\org\springframework\boot\spring-boot-starter-logging\2.4.3\spring-boot-starter-logging-2.4.3.jar;C:\WORK\REPOSITORY_MAVEN\ch\qos\logback\logback-classic\1.2.3\logback-classic-1.2.3.jar;C:\WORK\REPOSITORY_MAVEN\ch\qos\logback\logback-core\1.2.3\logback-core-1.2.3.jar;C:\WORK\REPOSITORY_MAVEN\org\apache\logging\log4j\log4j-to-slf4j\2.13.3\log4j-to-slf4j-2.13.3.jar;C:\WORK\REPOSITORY_MAVEN\org\apache\logging\log4j\log4j-api\2.13.3\log4j-api-2.13.3.jar;C:\WORK\REPOSITORY_MAVEN\org\slf4j\jul-to-slf4j\1.7.30\jul-to-slf4j-1.7.30.jar;C:\WORK\REPOSITORY_MAVEN\jakarta\annotation\jakarta.annotation-api\1.3.5\jakarta.annotation-api-1.3.5.jar;C:\WORK\REPOSITORY_MAVEN\org\yaml\snakeyaml\1.27\snakeyaml-1.27.jar;C:\WORK\REPOSITORY_MAVEN\org\springframework\boot\spring-boot-starter-json\2.4.3\spring-boot-starter-json-2.4.3.jar;C:\WORK\REPOSITORY_MAVEN\com\fasterxml\jackson\core\jackson-databind\2.11.4\jackson-databind-2.11.4.jar;C:\WORK\REPOSITORY_MAVEN\com\fasterxml\jackson\core\jackson-annotations\2.11.4\jackson-annotations-2.11.4.jar;C:\WORK\REPOSITORY_MAVEN\com\fasterxml\jackson\core\jackson-core\2.11.4\jackson-core-2.11.4.jar;C:\WORK\REPOSITORY_MAVEN\com\fasterxml\jackson\datatype\jackson-datatype-jdk8\2.11.4\jackson-datatype-jdk8-2.11.4.jar;C:\WORK\REPOSITORY_MAVEN\com\fasterxml\jackson\datatype\jackson-datatype-jsr310\2.11.4\jackson-datatype-jsr310-2.11.4.jar;C:\WORK\REPOSITORY_MAVEN\com\fasterxml\jackson\module\jackson-module-parameter-names\2.11.4\jackson-module-parameter-names-2.11.4.jar;C:\WORK\REPOSITORY_MAVEN\org\springframework\boot\spring-boot-starter-tomcat\2.4.3\spring-boot-starter-tomcat-2.4.3.jar;C:\WORK\REPOSITORY_MAVEN\org\apache\tomcat\embed\tomcat-embed-core\9.0.43\tomcat-embed-core-9.0.43.jar;C:\WORK\REPOSITORY_MAVEN\org\glassfish\jakarta.el\3.0.3\jakarta.el-3.0.3.jar;C:\WORK\REPOSITORY_MAVEN\org\apache\tomcat\embed\tomcat-embed-websocket\9.0.43\tomcat-embed-websocket-9.0.43.jar;C:\WORK\REPOSITORY_MAVEN\org\springframework\spring-web\5.3.4\spring-web-5.3.4.jar;C:\WORK\REPOSITORY_MAVEN\org\springframework\spring-webmvc\5.3.4\spring-webmvc-5.3.4.jar;C:\WORK\REPOSITORY_MAVEN\org\springframework\spring-expression\5.3.4\spring-expression-5.3.4.jar;C:\WORK\REPOSITORY_MAVEN\com\h2database\h2\1.4.200\h2-1.4.200.jar;C:\WORK\REPOSITORY_MAVEN\org\springframework\boot\spring-boot-starter-test\2.4.3\spring-boot-starter-test-2.4.3.jar;C:\WORK\REPOSITORY_MAVEN\org\springframework\boot\spring-boot-test\2.4.3\spring-boot-test-2.4.3.jar;C:\WORK\REPOSITORY_MAVEN\org\springframework\boot\spring-boot-test-autoconfigure\2.4.3\spring-boot-test-autoconfigure-2.4.3.jar;C:\WORK\REPOSITORY_MAVEN\com\jayway\jsonpath\json-path\2.4.0\json-path-2.4.0.jar;C:\WORK\REPOSITORY_MAVEN\net\minidev\json-smart\2.3\json-smart-2.3.jar;C:\WORK\REPOSITORY_MAVEN\net\minidev\accessors-smart\1.2\accessors-smart-1.2.jar;C:\WORK\REPOSITORY_MAVEN\org\ow2\asm\asm\5.0.4\asm-5.0.4.jar;C:\WORK\REPOSITORY_MAVEN\jakarta\xml\bind\jakarta.xml.bind-api\2.3.3\jakarta.xml.bind-api-2.3.3.jar;C:\WORK\REPOSITORY_MAVEN\jakarta\activation\jakarta.activation-api\1.2.2\jakarta.activation-api-1.2.2.jar;C:\WORK\REPOSITORY_MAVEN\org\assertj\assertj-core\3.18.1\assertj-core-3.18.1.jar;C:\WORK\REPOSITORY_MAVEN\org\hamcrest\hamcrest\2.2\hamcrest-2.2.jar;C:\WORK\REPOSITORY_MAVEN\org\junit\jupiter\junit-jupiter\5.7.1\junit-jupiter-5.7.1.jar;C:\WORK\REPOSITORY_MAVEN\org\junit\jupiter\junit-jupiter-api\5.7.1\junit-jupiter-api-5.7.1.jar;C:\WORK\REPOSITORY_MAVEN\org\apiguardian\apiguardian-api\1.1.0\apiguardian-api-1.1.0.jar;C:\WORK\REPOSITORY_MAVEN\org\opentest4j\opentest4j\1.2.0\opentest4j-1.2.0.jar;C:\WORK\REPOSITORY_MAVEN\org\junit\platform\junit-platform-commons\1.7.1\junit-platform-commons-1.7.1.jar;C:\WORK\REPOSITORY_MAVEN\org\junit\jupiter\junit-jupiter-params\5.7.1\junit-jupiter-params-5.7.1.jar;C:\WORK\REPOSITORY_MAVEN\org\junit\jupiter\junit-jupiter-engine\5.7.1\junit-jupiter-engine-5.7.1.jar;C:\WORK\REPOSITORY_MAVEN\org\junit\platform\junit-platform-engine\1.7.1\junit-platform-engine-1.7.1.jar;C:\WORK\REPOSITORY_MAVEN\org\mockito\mockito-core\3.6.28\mockito-core-3.6.28.jar;C:\WORK\REPOSITORY_MAVEN\net\bytebuddy\byte-buddy-agent\1.10.20\byte-buddy-agent-1.10.20.jar;C:\WORK\REPOSITORY_MAVEN\org\objenesis\objenesis\3.1\objenesis-3.1.jar;C:\WORK\REPOSITORY_MAVEN\org\mockito\mockito-junit-jupiter\3.6.28\mockito-junit-jupiter-3.6.28.jar;C:\WORK\REPOSITORY_MAVEN\org\skyscreamer\jsonassert\1.5.0\jsonassert-1.5.0.jar;C:\WORK\REPOSITORY_MAVEN\com\vaadin\external\google\android-json\0.0.20131108.vaadin1\android-json-0.0.20131108.vaadin1.jar;C:\WORK\REPOSITORY_MAVEN\org\springframework\spring-core\5.3.4\spring-core-5.3.4.jar;C:\WORK\REPOSITORY_MAVEN\org\springframework\spring-jcl\5.3.4\spring-jcl-5.3.4.jar;C:\WORK\REPOSITORY_MAVEN\org\springframework\spring-test\5.3.4\spring-test-5.3.4.jar;C:\WORK\REPOSITORY_MAVEN\org\xmlunit\xmlunit-core\2.7.0\xmlunit-core-2.7.0.jar;C:\WORK\REPOSITORY_MAVEN\javax\validation\validation-api\2.0.1.Final\validation-api-2.0.1.Final.jar;"/>
    <property name="sun.cpu.endian" value="little"/>
    <property name="user.home" value="C:\Users\Aymen.Mezrani"/>
    <property name="user.language" value="fr"/>
    <property name="java.specification.vendor" value="Oracle Corporation"/>
    <property name="java.home" value="C:\WORK\JAVA\jre"/>
    <property name="basedir" value="C:\WORK\PROJETS\TEST\WORKSPACE\pfe"/>
    <property name="file.separator" value="\"/>
    <property name="line.separator" value="&#10;"/>
    <property name="java.vm.specification.vendor" value="Oracle Corporation"/>
    <property name="java.specification.name" value="Java Platform API Specification"/>
    <property name="java.awt.graphicsenv" value="sun.awt.Win32GraphicsEnvironment"/>
    <property name="surefire.real.class.path" value="C:\Users\AYMEN~1.MEZ\AppData\Local\Temp\surefire1902538138304084690\surefirebooter4270027533471816213.jar"/>
    <property name="sun.boot.class.path" value="C:\WORK\JAVA\jre\lib\resources.jar;C:\WORK\JAVA\jre\lib\rt.jar;C:\WORK\JAVA\jre\lib\sunrsasign.jar;C:\WORK\JAVA\jre\lib\jsse.jar;C:\WORK\JAVA\jre\lib\jce.jar;C:\WORK\JAVA\jre\lib\charsets.jar;C:\WORK\JAVA\jre\lib\jfr.jar;C:\WORK\JAVA\jre\classes"/>
    <property name="user.script" value=""/>
    <property name="sun.management.compiler" value="HotSpot 64-Bit Tiered Compilers"/>
    <property name="java.runtime.version" value="1.8.0_211-b12"/>
    <property name="user.name" value="Aymen.Mezrani"/>
    <property name="path.separator" value=";"/>
    <property name="os.version" value="10.0"/>
    <property name="java.endorsed.dirs" value="C:\WORK\JAVA\jre\lib\endorsed"/>
    <property name="java.runtime.name" value="Java(TM) SE Runtime Environment"/>
    <property name="file.encoding" value="Cp1252"/>
    <property name="java.vm.name" value="Java HotSpot(TM) 64-Bit Server VM"/>
    <property name="localRepository" value="C:\WORK\REPOSITORY_MAVEN"/>
    <property name="java.vendor.url.bug" value="http://bugreport.sun.com/bugreport/"/>
    <property name="java.io.tmpdir" value="C:\Users\AYMEN~1.MEZ\AppData\Local\Temp\"/>
    <property name="java.version" value="1.8.0_211"/>
    <property name="user.dir" value="C:\WORK\PROJETS\TEST\WORKSPACE\pfe"/>
    <property name="os.arch" value="amd64"/>
    <property name="java.vm.specification.name" value="Java Virtual Machine Specification"/>
    <property name="java.awt.printerjob" value="sun.awt.windows.WPrinterJob"/>
    <property name="idea.version2019.1.3" value="true"/>
    <property name="sun.os.patch.level" value=""/>
    <property name="java.library.path" value="C:\WORK\JAVA\jre\bin;C:\Windows\Sun\Java\bin;C:\Windows\system32;C:\Windows;C:\Program Files (x86)\Common Files\Oracle\Java\javapath;C:\Windows\system32;C:\Windows;C:\Windows\System32\Wbem;C:\Windows\System32\WindowsPowerShell\v1.0\;C:\WORK\SVN\bin;C:\Program Files\PuTTY\;C:\Program Files\Common Files\ThinPrint\;C:\Users\Aymen.Mezrani\AppData\Roaming\nvm;C:\Program Files\nodejs;C:\WORK\MAVEN\apache-maven-3.6.1\bin;C:\WORK\JAVA\bin;C:\Program Files (x86)\Intel\Intel(R) Management Engine Components\DAL;C:\Program Files\Intel\Intel(R) Management Engine Components\DAL;C:\Users\Aymen.Mezrani\AppData\Local\Microsoft\WindowsApps;C:\WORK\GIT\Git\cmd;C:\Users\Aymen.Mezrani\AppData\Roaming\nvm;C:\Program Files\nodejs;."/>
    <property name="java.vm.info" value="mixed mode"/>
    <property name="java.vendor" value="Oracle Corporation"/>
    <property name="java.vm.version" value="25.211-b12"/>
    <property name="java.ext.dirs" value="C:\WORK\JAVA\jre\lib\ext;C:\Windows\Sun\Java\lib\ext"/>
    <property name="sun.io.unicode.encoding" value="UnicodeLittle"/>
    <property name="java.class.version" value="52.0"/>
  </properties>
  <testcase name="contextLoads" classname="tn.isimg.pfe.PfeApplicationTests" time="0.13"/>
</testsuite>